<?xml version="1.0" encoding="UTF-8"?>
<coverage line-rate="0.75" version="1.9">
  <packages>
    <package name="Memory">
      <classes>
        <class name="allocator.cpp" filename="C:\Project\Library\Memory\allocator.cpp" line-rate="0.75">
          <lines>
            <line number="1" hits="1"/>
            <line number="2" hits="0"/>
            <line number="3" hits="5"/>
            <line number="4" hits="2"/>
          </lines>
        </class>
        <class name="device.cpp" filename="C:\Project\Library\Memory\device.cpp" line-rate="1.0">
          <lines>
            <line number="1" hits="2"/>
            <line number="bad" hits="1"/>
            <line number="2" hits="not_a_number"/>
          </lines>
        </class>
      </classes>
    </package>
  </packages>
</coverage>
